ok /Warning: Permanently added/
ok /Warning: Cannot set console to nonblocking mode, switching to blocking mode/
ok /Administrator group not found, created with default member./
ok /Administrator user not found, created with default password./
# below warning removal need to be investigate
ok /\[WARNING\] To Use Release/
ok /cp: cannot stat/
ok /unlink .*warning.*/
ok /No error encountered/
ok /lsof: command not found/
#npm error must be at the beginning of the scripts
#Trying to download phantomjs-2.5.0-development-linux-x86_64.tar.bz2
warning /Error requesting archive./
warning /Error extracting archive/
warning /tar: Error is not recoverable: exiting now/

#docker
ok /Error: No such object:/
#javascript uncss
warning /Error: Could not load script:/
warning /Error: Uncaught \[ReferenceError: angular is not defined\]/

#ssh
error /Failed to add the host to the list of known hosts/
error /Error is not recoverable: exiting now/
warning /No such file or directory/
error /command not found/
error /Host key verification failed/
error /sudo: no tty present and no askpass program specified/
#rsync
error /failed: No space left on device/

#python
error /python: can't open file/
error /ImportError: No module named/
error /ImportError: cannot import name/

#svn/subversion
error /This client is too old to work with the working copy at/
error /You need to upgrade the working copy first/
error /ATTENTION!  Your password for authentication realm/
error /is not a working copy/
error /svn: E155019: Can\'t upgrade/

#maven cargo
error /Exception thrown by the agent : java.net.MalformedURLException: Local host name unknown/

#security
warning /Warning: \/sbin\/init INFECTED/

#HTTPS
ok /catchup task declaration, SEND TLSv1.2 ALERT/
ok /Keep-Alive-Timer, SEND TLSv1.2 ALERT/
ok /SEND TLSv1.2 ALERT: warning/
ok /RECV TLSv1.2 ALERT: warning/
#ok /SEND TLSv1.1 ALERT: warning/
#ok /RECV TLSv1.1 ALERT: warning/
ok /Warning: Row size/
#ok /#Warning openssl must be OpenSSL/

#scons
error /undefined reference/
error /unresolved external symbol/
error /cannot find/
warning /not found/
error /cannot stat/
error /No rule to make target/
error /No output written/
error /multiple definition of/
error /is not recognized as an internal or external command/
error /C\/C++ compilers are most likely not set correctly/
error /scons: \*\*\*/
warning /File doesn\'t exist/
warning /do something here to address the error/

#perl
error /.*\/ld: cannot find \-l/
error /.*\.pl.*compilation errors/
error /Bareword found where operator expected at .\* line \d+, near/
error /Execution.*\.pl aborted due to compilation errors/

#make
error /^make\[\d+\]:\s+\*{3}\s+\[BUILD\] Error/

#java
warning /java.lang.IllegalArgumentException/
warning /Class path contains multiple SLF4J bindings/
error /\'java\' is not recognized as an internal or external command/
error /Failed to run java/
error /Usage: jar/
error /has value '1.8', but '1.7' is required./
error /Error: could not find java.dll/
error /Error: Could not find Java SE Runtime Environment./
error /java.nio.charset.MalformedInputException: Input length = 1/
error /The JAVA_HOME environment variable is not defined correctly/
error /This environment variable is needed to run this program/
error /NB: JAVA_HOME should point to a JDK not a JRE/
error /java.io.FileNotFoundException/

#cpp
error /not found \(try using -rpath or -rpath-link\)/
error /undefined reference to/
error /: undeclared identifier/
error / : error .*: /
#error / : error C2375: /
#error / : error C3190: /
#error / : error C2039: /
error /LINK : fatal error LNK1181:/
warning /LINK : warning LNK4044:/
warning / : warning .*: /
#warning / : warning C4251: /
warning /: warning: /

#maven
warning /Tests in error:/
ok /^\[INFO\]/
ok /^\[WARNING\] npm WARN/
ok /^\[WARNING\] Tests run:/
ok /^\[ERROR\] prebuild-install/
#ok /^\[ERROR\]   âœ”/
ok /^\[ERROR\] npm notice created a lockfile as/
ok /^\[ERROR\] /
error /^\[ERROR/
error /Failed to execute goal/

warning /^kernel Attempt to set zfs file/
info /MESSAGE: there are some new default variable/

warning /ERROR: Error cloning remote repo/
warning /Class path contains multiple SLF4J bindings/
warning /HTTP 500 Internal Server Error/

error /ERROR:/
warning /FAILED/
error /ERROR :/
error /SEVERE /
#warning /SEVERE:/
error /SEVERE:/
error /SEVERE: /
error /Invalid or corrupt jarfile/
#warning /Invalid argument/
warning /command not found/
error /syntax error near/
error /Address already in use/
error /Premature end of file/

#shell
error /Could not create directory/
error /usage: sed/

#NPM
error /Cannot find module/
error /invalid config registry="None"/
#error /Syntax error/
error /syntax error near/
warning /Error: Uncaught \[ReferenceError: angular is not defined\]/
warning /Error: Could not load script:/

error /An error occured while updating fs:/

#Docker
error /invalid config registry="None"/
warning /unhealthy/

#ansible
ok /^Searching for Suckit rootkit/
error /INFECTED/
warning /^\[ANSIBLE/
warning /Permission denied/
warning /[WARNING]:/
#warning /[WARNING]: Consider using/
#error /[WARNING]: Could not match supplied host pattern/
error /unreachable=[0-9]+/
error /failed=[0-9]+/
#error /The error appears to have been in/
#Below for inventory ansible-cmdb
error /Whoops, it looks like something went wrong while rendering the template/

warning /error: pathspec/
error /fatal:/
warning /FAILED/
#sendmail in ansible
ok /ERROR: FEATURE/

# match line starting with 'error ', case-insensitive
error /(?i)^error/
# each Sybase error is prefixed with Msg
error /^Msg/
# object does not exists
error /Specify owner.objectname or use sp_help to/

error /Cannot create an index on table/
error /No group with the specified name exists/
error /Error\(s\)/

warning /Connection refused/
error /return is : 000/
error /cat: input error/

#zfs
warning /recv-/

#jenkins
error /marked build as failure/

#Xcode
# don't treat any of these as errors, warnings or info
ok /setenv /
# ignore TidyXML warnings
ok /line [0-9]+ column [0-9]+ - Error:/
ok /line [0-9]+ column [0-9]+ - Warning:/
ok /[0-9]+ warning.+ error.+ found!/
# ignore weird warnings about build variables in Info.plist:
# e.g. "warning: ignoring operator ':rfc1034Identifier' on 'RSWebClientCore' for macro 'PRODUCT_NAME'"
ok /rfc1034Identifier/
# ignore the warnings we get e.g. on integration builds because we try to strip debug symbols repeatedly
ok /warning: no debug symbols in executable/
# ignore the warnings summary line so it's not counted as a separate warning
ok /warnings generated/
# ignore warning inside compiler options
ok /-undefined warning/
# ignore xibtool warnings
ok /--warnings/
# ignore the word warning in export (env variable) lines e.g. WARNING_CFLAGS
ok /export.+WARNING/
# sometimes we copy a tiff file called warning.tiff
ok /warning.tiff/
# python deprecation warning
ok /The popen2 module is deprecated/
# don't allow clang invocation lines themselves count as warnings... the warning will always be on a separate line
ok /-x objective-c/
# same for "CompileC" xcode build directives which may contain the same problematic source names that have e.g. "Warnings" in the file name
ok /CompileC/
# ignore spurious warning from Apple about -mlong-branch on their own library
ok /object file compiled with -mlong-branch/
# False positive errors from CFNetwork
ok /HTTP download error/
# issue starting with Xcode 5 where it complains about connecting to the octest process AFTER running the test
# ACTUALLY whatever error is causing this causes some tests to not be run so we want to be alerted of it
# ok /error: failed to launch.*otest/
# match line starting with 'error ', case-insensitive, or presenting an error with a colon:
#error /(?i)^error /
#error /(?i)error:/
# clang errors
error /clang failed/
# Build failures sometimes occur but for some reason don't match any other errors - always alert us!
error /BUILD FAILED/
error /The following build commands failed/
# Code signing will fail with cryptic error code preceded by an error message
error /failed with exit code/
# architecture mismatch
error /No architectures to compile/
# respect xibtool errors
error /com.apple.ibtool.errors/
# Code signing issues
error /User interaction is not allowed/
# Outright symbol linkage failures
error /Undefined symbols/
# Catch all "TEST FAILED" messages
error /TEST FAILED/
# E.g. when Ant build for TinyMCE fails
error /Build failed/
# Fail on Mercurial issues
error /mercurial\.error\.Abort/
#Fail wrong scons version for Mingw
error /Internal Error: no cycle found for node/

warning /ld: skipping incompatible/

# list of warnings here...
warning /[Ww]arning/
warning /WARNING/
warning /WARN/
ok /warning.gif/
ok /warning.png/
warning /is not defined/

# create a quick access link to lines in the report containing 'INFO'
info /INFO/
info /TODO/
#scons
info /Cleaning up/
info /Finished/

# each line containing 'BUILD' represents the start of a section for grouping errors and warnings found after the line.
# also creates a quick access link.
start /====/
start /###/
start /---/
start /TASK: /

start /scons: done/
start /scons: building/
start /scons: Reading/

# each line containing 'xcodebuild' represents the start of a section for grouping errors and warnings found after the line.
# also creates a quick access link.
start /xcodebuild/
